[2025-04-07 09:49:15] INFO: GET /api/admins
[2025-04-07 09:49:52] INFO: GET /api/admins
[2025-04-07 09:51:58] INFO: GET /api/owner/owner
[2025-04-07 09:52:56] INFO: GET /api/owner/owner
[2025-04-07 09:53:11] INFO: DELETE /api/owner/delete/1
[2025-04-07 09:53:16] INFO: DELETE /api/owner/delete/2
[2025-04-07 09:53:22] INFO: DELETE /api/owner/delete/3
[2025-04-07 09:53:26] INFO: DELETE /api/owner/delete/4
[2025-04-07 09:53:31] INFO: DELETE /api/owner/delete/5
[2025-04-07 09:53:36] INFO: DELETE /api/owner/delete/6
[2025-04-07 09:53:41] INFO: DELETE /api/owner/delete/7
[2025-04-07 09:53:45] INFO: DELETE /api/owner/delete/8
[2025-04-07 09:53:51] INFO: GET /api/owner/owner
[2025-04-07 09:53:59] INFO: POST /api/owner
[2025-04-07 09:54:13] INFO: POST /api/owner/login
[2025-04-07 09:54:27] INFO: POST /api/owner/refresh
[2025-04-07 09:54:39] INFO: POST /api/owner/send_otp
[2025-04-07 10:38:06] INFO: POST /api/owner/send_otp
[2025-04-07 10:42:52] INFO: POST /api/owner/send_otp
[2025-04-07 10:45:39] INFO: POST /api/owner/send_otp
[2025-04-07 10:47:34] INFO: POST /api/clients/send_otp
[2025-04-07 10:47:42] INFO: POST /api/clients/send_otp
[2025-04-07 10:47:48] INFO: POST /api/clients
[2025-04-07 10:47:55] INFO: POST /api/clients/send_otp
[2025-04-07 10:48:38] INFO: POST /api/clients/send_otp
[2025-04-07 10:50:04] INFO: POST /api/clients/send_otp
[2025-04-07 10:52:43] INFO: POST /api/admins
[2025-04-07 10:53:13] INFO: POST /api/admins
[2025-04-07 10:56:03] INFO: POST /api/clients/send_otp
[2025-04-07 10:56:46] INFO: POST /api/clients/send_otp
[2025-04-07 11:00:32] INFO: POST /api/clients/send_otp
[2025-04-07 11:00:55] INFO: POST /api/clients/send_otp
[2025-04-07 11:02:00] INFO: POST /api/clients/send_otp
[2025-04-07 11:23:43] INFO: POST /api/clients/send_otp
[2025-04-07 11:27:09] INFO: POST /api/clients/send_otp
[2025-04-07 11:30:53] INFO: POST /api/clients/send_otp
[2025-04-07 11:36:16] INFO: POST /api/clients/verify_otp
[2025-04-07 11:38:31] INFO: POST /api/clients/send_otp
[2025-04-07 11:38:39] INFO: POST /api/clients/send_otp
[2025-04-07 11:39:00] INFO: POST /api/clients/verify_otp
[2025-04-07 11:50:10] INFO: POST /api/clients/send_otp
[2025-04-07 11:50:44] INFO: POST /api/clients/verify_otp
[2025-04-07 11:51:01] INFO: POST /api/clients/login
[2025-04-07 11:51:48] INFO: POST /api/clients/refresh
[2025-04-07 12:01:28] INFO: POST /api/clients/refresh
[2025-04-07 12:02:48] INFO: POST /api/clients/login
[2025-04-07 12:03:08] INFO: POST /api/clients/refresh
[2025-04-07 12:41:05] INFO: GET /api/clients/owner
[2025-04-07 12:41:49] INFO: GET /api/clients/all
[2025-04-07 12:44:28] INFO: GET /api/clients/all
[2025-04-07 12:44:39] INFO: POST /api/clients/login
[2025-04-07 12:44:45] INFO: POST /api/clients/login
[2025-04-07 12:45:08] INFO: GET /api/clients/all
[2025-04-07 12:46:33] INFO: GET /api/clients/all
[2025-04-07 12:47:13] INFO: POST /api/clients/login
[2025-04-07 12:47:29] INFO: GET /api/clients/all
[2025-04-07 12:47:47] INFO: GET /api/clients/all
[2025-04-07 12:58:07] INFO: GET /api/clients/all
[2025-04-07 13:05:52] INFO: POST /api/clients/login
[2025-04-07 13:06:09] INFO: GET /api/clients/all
[2025-04-07 13:07:07] INFO: GET /api/clients/all
[2025-04-07 13:09:38] INFO: GET /api/clients/all
[2025-04-07 13:17:04] INFO: POST /api/contracts/inRange
[2025-04-07 13:18:16] INFO: POST /api/contracts/inRange
[2025-04-07 13:18:31] INFO: POST /api/contracts/inRange
[2025-04-07 13:18:39] INFO: GET /api/contracts/contracts
[2025-04-07 13:19:11] INFO: GET /api/contracts/contracts
[2025-04-07 13:19:16] INFO: GET /api/contracts/contracts
[2025-04-07 13:19:23] INFO: POST /api/contracts
[2025-04-07 13:19:33] INFO: POST /api/contracts
[2025-04-07 13:19:52] INFO: GET /api/products/products
[2025-04-07 13:20:09] INFO: GET /api/products/products
[2025-04-07 13:21:02] INFO: POST /api/products
[2025-04-07 13:21:08] INFO: GET /api/products/products
[2025-04-07 13:21:23] INFO: POST /api/contracts
[2025-04-07 13:21:26] INFO: POST /api/contracts
[2025-04-07 13:21:44] INFO: POST /api/contracts
[2025-04-07 13:23:06] INFO: POST /api/contracts
[2025-04-07 13:23:50] INFO: POST /api/contracts/inRange
[2025-04-07 13:25:55] INFO: POST /api/contracts/inRange
[2025-04-07 13:30:49] INFO: POST /api/contracts/inRange
[2025-04-07 14:17:49] INFO: GET /api/admins
[2025-04-07 14:21:16] INFO: POST /api/admin/login
[2025-04-07 14:21:50] INFO: POST /api/admin/login
[2025-04-07 14:22:17] INFO: POST /api/admin/login
[2025-04-07 14:22:24] INFO: POST /api/login
[2025-04-07 14:22:36] INFO: GET /api/admins
[2025-04-07 14:22:41] INFO: GET /api/admins/1
[2025-04-07 14:22:47] INFO: GET /api/admins/2
[2025-04-07 14:23:08] INFO: POST /api/login
[2025-04-07 14:23:10] INFO: POST /api/login
[2025-04-07 14:23:59] INFO: POST /api/login
[2025-04-07 14:24:55] INFO: POST /api/login
[2025-04-07 14:25:24] INFO: GET /api/admins/3
[2025-04-07 14:25:39] INFO: GET /api/admins/4
[2025-04-07 14:25:43] INFO: GET /api/admins/3
[2025-04-07 14:25:55] INFO: POST /api/login
[2025-04-07 14:26:07] INFO: POST /api/login
[2025-04-07 14:30:03] INFO: POST /api/login
[2025-04-07 14:30:07] INFO: POST /api/login
[2025-04-07 14:31:41] INFO: POST /api/login
[2025-04-07 14:31:53] INFO: POST /api/login
[2025-04-07 14:32:31] INFO: POST /api/login
[2025-04-07 14:33:45] INFO: POST /api/admins
[2025-04-07 14:34:00] INFO: POST /api/login
[2025-04-07 14:34:23] INFO: POST /api/login
[2025-04-07 14:34:39] INFO: GET /api/admins
[2025-04-07 14:34:43] INFO: GET /api/admins
[2025-04-07 14:39:35] INFO: GET /api/admins
[2025-04-07 14:40:09] INFO: GET /api/admins
[2025-04-07 14:48:52] INFO: GET /api/admins
[2025-04-07 15:13:03] INFO: POST /api/clients/login
[2025-04-07 15:13:16] INFO: GET /api/clients/all
[2025-04-07 15:15:36] INFO: POST /api/login
[2025-04-07 15:15:44] INFO: POST /api/login
[2025-04-07 15:16:17] INFO: POST /api/login
[2025-04-07 15:16:29] INFO: GET /api/admins
[2025-04-07 15:16:34] INFO: GET /api/admins
[2025-04-07 15:17:18] INFO: GET /api/admins
[2025-04-07 15:18:23] INFO: POST /api/owner/login
[2025-04-07 15:18:41] INFO: POST /api/owner/login
[2025-04-07 15:19:00] INFO: GET /api/owner/owner
[2025-04-07 15:19:08] INFO: GET /api/admins
[2025-04-07 15:19:44] INFO: GET /api/owner/owner
[2025-04-07 15:19:46] INFO: GET /api/owner/owner
[2025-04-07 15:21:50] INFO: GET /api/owner/owner
[2025-04-07 15:24:10] INFO: GET /api/owner/all
[2025-04-07 15:29:33] INFO: GET /api/admins
[2025-04-07 15:29:54] INFO: GET /api/owner/all
[2025-04-08 08:29:17] INFO: GET /api/products
[2025-04-08 08:31:18] INFO: POST /api/clients/login
[2025-04-08 08:31:32] INFO: GET /api/clients/all
[2025-04-08 08:32:05] INFO: GET /api/clients/all
[2025-04-08 08:32:29] INFO: GET /api/clients/all
[2025-04-08 08:35:19] INFO: GET /api/products
[2025-04-08 08:35:31] INFO: POST /api/login
[2025-04-08 08:35:42] INFO: GET /api/products
[2025-04-08 08:36:26] INFO: GET /api/contracts/products
[2025-04-08 08:37:13] INFO: POST /api/owner/login
[2025-04-08 08:37:24] INFO: GET /api/contracts/products
[2025-04-08 08:37:36] INFO: POST /api/clients/login
[2025-04-08 08:37:48] INFO: GET /api/contracts/products
[2025-04-08 08:39:14] INFO: GET /api/contracts/products
[2025-04-08 08:40:04] INFO: GET /api/products
[2025-04-08 08:40:43] INFO: GET /api/products
[2025-04-08 08:42:16] INFO: GET /api/products
[2025-04-08 08:43:42] INFO: GET /api/products/products
[2025-04-08 08:44:09] INFO: GET /api/products/products
[2025-04-08 08:49:45] INFO: GET /api//clients/damaged
[2025-04-08 08:49:53] INFO: GET /api/clients/damaged
[2025-04-08 08:50:36] INFO: GET /api/clients/damaged
[2025-04-08 08:50:39] INFO: GET /api/clients/damaged
[2025-04-08 08:52:29] INFO: GET /api/clients/damaged
[2025-04-08 08:53:07] INFO: GET /api/clients/clients/damaged
[2025-04-08 08:53:18] INFO: GET /api/clients/damaged/damaged
[2025-04-08 08:54:29] INFO: GET /api/clients/damaged
[2025-04-08 08:57:22] INFO: GET /api/clients/damaged?start=2024-01-01&end=2024-12-31%0A
[2025-04-08 08:57:39] INFO: GET /api/clients/damaged?start=2024-01-01&end=2024-12-31
[2025-04-08 08:58:42] INFO: GET /api/clients/damaged?start=2024-01-01&end=2024-12-31
[2025-04-08 08:59:51] INFO: GET /api/clients/damaged?start=2024-01-01&end=2024-12-31
[2025-04-08 09:10:53] INFO: GET /api/clients/damaged?start=2024-01-01&end=2024-12-31
[2025-04-08 09:11:25] INFO: GET /api/clients/damaged?start=2024-01-01&end=2024-12-31
[2025-04-08 09:11:27] INFO: GET /api/clients/damaged?start=2024-01-01&end=2024-12-31
[2025-04-08 09:11:36] INFO: POST /api/clients/login
[2025-04-08 09:11:50] INFO: GET /api/clients/damaged?start=2024-01-01&end=2024-12-31
[2025-04-08 09:13:34] INFO: GET /api/clients/damaged?start=2024-01-01&end=2024-12-31
[2025-04-08 09:17:23] INFO: POST /api/contracts
[2025-04-08 09:18:01] INFO: POST /api/contracts
[2025-04-08 09:18:08] INFO: GET /api/contracts/contracts
[2025-04-08 09:18:23] INFO: POST /api/owner/login
[2025-04-08 09:18:40] INFO: GET /api/contracts/contracts
[2025-04-08 09:26:11] INFO: GET /api/clients/damaged?start=2024-01-01&end=2024-12-31
[2025-04-08 09:26:36] INFO: GET /api/clients/damaged/demaged?start=2024-01-01&end=2024-12-31
[2025-04-08 09:27:02] INFO: GET /api/contracts/damaged?start=2024-01-01&end=2024-12-31
[2025-04-08 09:27:17] INFO: GET /api/clients/damaged?start=2024-01-01&end=2024-12-31
[2025-04-08 09:30:25] INFO: GET /api/clients/damaged?start=2024-01-01&end=2024-12-31
[2025-04-08 09:30:37] INFO: POST /api/clients/login
[2025-04-08 09:30:40] INFO: POST /api/clients/login
[2025-04-08 09:31:01] INFO: GET /api/clients/damaged?start=2024-01-01&end=2024-12-31
[2025-04-08 09:34:09] INFO: GET /api/clients/damaged?start=2024-01-01&end=2024-12-31
[2025-04-08 09:34:34] INFO: GET /api/clients/damaged?start=2024-01-01&end=2024-12-31
[2025-04-08 09:37:43] INFO: GET /api/filter/products?start=2024-01-01&end=2024-12-31%0A
[2025-04-08 09:37:52] INFO: GET /api/products/products?start=2024-01-01&end=2024-12-31%0A
[2025-04-08 09:38:05] INFO: POST /api/owner/login
[2025-04-08 09:38:22] INFO: GET /api/products/products?start=2024-01-01&end=2024-12-31%0A
[2025-04-08 09:40:02] INFO: GET /api/filter/clients/damaged?start=2024-01-01&end=2024-12-31%0A
[2025-04-08 09:40:13] INFO: GET /api/clients/clients/damaged?start=2024-01-01&end=2024-12-31%0A
[2025-04-08 09:40:38] INFO: GET /api/contracts/clients/damaged?start=2024-01-01&end=2024-12-31%0A
[2025-04-08 09:40:44] INFO: GET /api/clients/damaged?start=2024-01-01&end=2024-12-31%0A
[2025-04-08 09:41:19] INFO: GET /api/filter/clients/cancelled?start=2024-01-01&end=2024-12-31%0A
[2025-04-08 09:41:28] INFO: GET /api/clients/clients/cancelled?start=2024-01-01&end=2024-12-31%0A
[2025-04-08 09:42:03] INFO: GET /api/filter/owners/top?category_id=1%0A
[2025-04-08 09:42:15] INFO: GET /api/owners/owners/top?category_id=1%0A
[2025-04-08 09:42:24] INFO: GET /api/owners/top?category_id=1%0A
[2025-04-08 09:43:02] INFO: GET /api/filter/clients/payments/123%0A
[2025-04-08 09:43:13] INFO: GET /api/clients/clients/payments/123%0A
[2025-04-08 09:43:26] INFO: GET /api/clients/clients/payments/1%0A
[2025-04-08 10:24:36] INFO: GET /api/clients/damaged?start=2024-01-01&end=2024-12-31%0A
[2025-04-08 10:34:13] INFO: POST /api/clients/login
[2025-04-08 10:34:17] INFO: POST /api/clients/login
[2025-04-08 10:34:36] INFO: GET /api/clients/damaged?start=2024-01-01&end=2024-12-31%0A
[2025-04-08 10:38:31] INFO: GET /api/clients/damaged?start=2024-01-01&end=2024-12-31%0A
[2025-04-08 10:38:47] INFO: GET /api/clients/damaged?start=2024-01-01&end=2024-12-31%0A
[2025-04-08 10:40:09] INFO: GET /api/clients/clients/damaged?start=2024-01-01&end=2024-12-31%0A
[2025-04-08 10:40:23] INFO: GET /api/clients/damaged?start=2024-01-01&end=2024-12-31%0A
[2025-04-08 10:48:41] INFO: GET /api/clients/damaged?start=2024-01-01&end=2024-12-31%0A
[2025-04-08 10:49:30] INFO: GET /api/filter/clients/damaged?start=2024-01-01&end=2024-12-31%0A
[2025-04-08 10:49:48] INFO: GET /api/filter/clients/cancelled?start=2024-01-01&end=2024-12-31%0A
[2025-04-08 10:49:48] ERROR: GET /api/filter/clients/cancelled?start=2024-01-01&end=2024-12-31%0A - Contract is not defined
[2025-04-08 10:50:04] INFO: GET /api/filter/owners/top?category_id=1%0A
[2025-04-08 10:50:04] ERROR: GET /api/filter/owners/top?category_id=1%0A - Product is not defined
[2025-04-08 10:50:15] INFO: GET /api/filter/clients/payments/1%0A
[2025-04-08 10:50:15] ERROR: GET /api/filter/clients/payments/1%0A - ContractItem is not defined
[2025-04-08 10:50:26] INFO: GET /api/products/products?start=2024-01-01&end=2024-12-31%0A
[2025-04-08 10:51:00] INFO: GET /api/products/products?start=2024-01-01&end=2024-12-31%0A
[2025-04-08 10:51:05] INFO: GET /api/products/products?start=2024-01-01&end=2024-12-31%0A
[2025-04-08 10:51:17] INFO: POST /api/owner/login
[2025-04-08 10:51:32] INFO: GET /api/products/products?start=2024-01-01&end=2024-12-31%0A
[2025-04-08 11:00:06] INFO: POST /api/admins
[2025-04-08 11:00:16] INFO: POST /api/login
[2025-04-08 11:00:54] INFO: POST /api/login
[2025-04-08 11:01:32] INFO: POST /api/login
[2025-04-08 11:02:48] INFO: POST /api/admins
[2025-04-08 11:03:56] INFO: POST /api/admins
[2025-04-08 11:04:29] INFO: POST /api/admins
[2025-04-08 11:04:46] INFO: POST /api/login
[2025-04-08 11:05:03] INFO: GET /api/admins
[2025-04-08 11:17:05] INFO: DELETE /api/admins/delete/6
[2025-04-08 11:17:08] INFO: DELETE /api/admins/delete/6
[2025-04-08 11:17:31] INFO: DELETE /api/admins/delete/6
[2025-04-08 11:18:40] INFO: POST /api/admins
[2025-04-08 11:19:08] INFO: POST /api/login
[2025-04-08 11:19:25] INFO: DELETE /api/admins/delete/6
[2025-04-08 11:19:29] INFO: DELETE /api/admins/delete/6
[2025-04-08 11:19:43] INFO: GET /api/admins
[2025-04-08 11:24:37] INFO: POST /api/admins
[2025-04-08 11:24:56] INFO: POST /api/admins
[2025-04-08 11:25:11] INFO: POST /api/login
[2025-04-08 11:25:30] INFO: POST /api/admins
[2025-04-08 11:25:44] INFO: POST /api/admins
[2025-04-08 11:26:26] INFO: POST /api/admins
[2025-04-08 11:26:59] INFO: POST /api/admins
[2025-04-08 11:27:32] INFO: POST /api/admins
[2025-04-08 11:28:40] INFO: POST /api/admins
[2025-04-08 11:29:04] INFO: POST /api/login
[2025-04-08 11:29:31] INFO: POST /api/admins
[2025-04-08 11:29:48] INFO: DELETE /api/admins/delete/1
[2025-04-08 12:00:14] INFO: POST /api/owner
[2025-04-08 12:00:24] INFO: POST /api/login
[2025-04-08 12:00:44] INFO: POST /api/owner
[2025-04-08 12:01:20] INFO: POST /api/owner/login
[2025-04-08 12:01:34] INFO: POST /api/owner/login
[2025-04-08 12:01:47] INFO: GET /api/owner/all
[2025-04-08 12:01:59] INFO: GET /api/owner/1
[2025-04-08 12:02:13] INFO: PUT /api/owner/update/1
[2025-04-08 12:02:35] INFO: PUT /api/owner/update/1
[2025-04-08 12:04:34] INFO: PUT /api/owner/update/1
[2025-04-08 12:04:52] INFO: DELETE /api/owner/delete/8
[2025-04-08 12:05:27] INFO: DELETE /api/owner/delete/8
[2025-04-08 12:05:41] INFO: PUT /api/owner/update/1
[2025-04-08 12:06:03] INFO: POST /api/clients
[2025-04-08 12:06:29] INFO: POST /api/clients
[2025-04-08 12:07:34] INFO: POST /api/clients
[2025-04-08 12:08:19] INFO: POST /api/clients/login
[2025-04-08 12:08:38] INFO: GET /api/clients/all
[2025-04-08 12:08:45] INFO: POST /api/clients/login
[2025-04-08 12:09:00] INFO: GET /api/clients/all
[2025-04-08 12:09:24] INFO: GET /api/clients/1
[2025-04-08 12:09:34] INFO: GET /api/clients/1
[2025-04-08 12:10:03] INFO: GET /api/clients/clients/1
[2025-04-08 12:10:49] INFO: PUT /api/clients/update/1
[2025-04-08 12:11:00] INFO: DELETE /api/clients/delete/4
[2025-04-08 12:15:47] INFO: POST /api/login
[2025-04-08 12:16:10] INFO: PUT /api/admins/update/1
[2025-04-08 12:16:25] INFO: DELETE /api/admins/delete/1
[2025-04-08 12:16:36] INFO: POST /api/owner/login
[2025-04-08 12:16:44] INFO: GET /api/owner/all
[2025-04-08 12:17:13] INFO: POST /api/owner/login
[2025-04-08 12:18:07] INFO: POST /api/owner/login
[2025-04-08 12:18:14] INFO: DELETE /api/owner/delete/8
[2025-04-08 12:18:21] INFO: GET /api/owner/all
[2025-04-08 12:18:30] INFO: DELETE /api/owner/delete/1
[2025-04-08 12:18:57] INFO: DELETE /api/owner/delete/1
[2025-04-08 12:19:03] INFO: GET /api/owner/all
[2025-04-08 12:19:09] INFO: POST /api/owner
[2025-04-08 12:20:01] INFO: POST /api/owner/login
[2025-04-08 12:20:18] INFO: DELETE /api/owner/delete/1
[2025-04-08 12:21:02] INFO: PUT /api/owner/update/1
[2025-04-09 07:52:00] INFO: POST /api/admins
[2025-04-09 07:52:24] INFO: POST /api/admins
[2025-04-09 07:53:27] ERROR: POST /api/admins - Expected double-quoted property name in JSON at position 116 (line 6 column 1)
[2025-04-09 07:53:36] INFO: POST /api/admins
[2025-04-09 07:53:56] INFO: POST /api/login
[2025-04-09 07:54:20] INFO: POST /api/admins
[2025-04-09 07:56:15] INFO: POST /api/owner
[2025-04-09 07:56:23] INFO: POST /api/owner
[2025-04-09 07:57:14] ERROR: POST /api/clients - Expected double-quoted property name in JSON at position 157 (line 7 column 1)
[2025-04-09 07:57:21] INFO: POST /api/clients
[2025-04-09 07:58:30] INFO: POST /api/category
[2025-04-09 07:59:03] INFO: POST /api/category
[2025-04-09 07:59:31] INFO: POST /api/category
[2025-04-09 08:00:07] INFO: POST /api/category
[2025-04-09 08:01:49] INFO: POST /api/products
[2025-04-09 08:02:22] INFO: POST /api/owner/login
[2025-04-09 08:02:29] INFO: POST /api/owner/login
[2025-04-09 08:02:54] INFO: POST /api/owner/login
[2025-04-09 08:03:17] INFO: POST /api/products
[2025-04-09 08:05:10] INFO: POST /api/products
[2025-04-09 08:06:10] INFO: POST /api/products
[2025-04-09 08:07:17] INFO: POST /api/products
[2025-04-09 08:08:08] INFO: POST /api/passport
[2025-04-09 08:08:52] INFO: POST /api/clients/login
[2025-04-09 08:09:13] INFO: POST /api/passport
[2025-04-09 08:12:10] INFO: POST /api/status
[2025-04-09 08:12:25] INFO: POST /api/status
[2025-04-09 08:12:36] INFO: POST /api/status
[2025-04-09 08:13:02] INFO: POST /api/status
[2025-04-09 08:13:15] INFO: POST /api/status
[2025-04-09 08:13:25] INFO: POST /api/status
[2025-04-09 08:13:34] INFO: POST /api/status
[2025-04-09 08:13:44] INFO: POST /api/status
[2025-04-09 08:14:51] INFO: POST /api/contracts
[2025-04-09 08:16:13] INFO: POST /api/contracts
[2025-04-09 08:20:47] INFO: POST /api/order_items
[2025-04-09 08:25:22] INFO: POST /api/order_items
[2025-04-09 08:26:26] INFO: POST /api/order_items
[2025-04-09 08:26:41] INFO: POST /api/contract_items
[2025-04-09 08:27:07] INFO: POST /api/
[2025-04-09 08:27:38] INFO: POST /api/clients/login
[2025-04-09 08:27:55] INFO: POST /api/
[2025-04-09 08:28:05] INFO: POST /api/
[2025-04-09 08:28:14] INFO: POST /api/
[2025-04-09 08:28:52] INFO: POST /api/add
[2025-04-09 08:29:35] INFO: POST /api/add
[2025-04-09 08:29:56] INFO: POST /api/add
[2025-04-09 08:30:47] INFO: POST /api/add
[2025-04-09 08:32:14] INFO: POST /api/add
[2025-04-09 08:33:38] INFO: POST /api/contract_items/add
[2025-04-09 08:39:41] INFO: POST /api/payments
[2025-04-09 08:40:11] INFO: POST /api/payments
[2025-04-09 08:40:37] INFO: POST /api/payments
[2025-04-09 08:42:08] INFO: GET /api/products/products?start=2025-01-01&end=2025-05-15
[2025-04-09 08:42:19] INFO: POST /api/owner/login
[2025-04-09 08:42:34] INFO: GET /api/products/products?start=2025-01-01&end=2025-05-15
[2025-04-09 08:43:02] INFO: GET /api/filter/clients/damaged?start=2025-01-01&end=2025-05-15%0A
[2025-04-09 08:43:37] INFO: GET /api/filter/clients/cancelled?start=2025-01-01&end=2025-05-15%0A
[2025-04-09 08:43:38] ERROR: GET /api/filter/clients/cancelled?start=2025-01-01&end=2025-05-15%0A - Contract is not defined
[2025-04-09 08:43:55] INFO: GET /api/filter/owners/top?category_id=1%0A
[2025-04-09 08:43:55] ERROR: GET /api/filter/owners/top?category_id=1%0A - Product is not defined
[2025-04-09 08:44:18] INFO: GET /api/filter/owners/new?category_id=1%0A
[2025-04-09 08:44:41] INFO: GET /api/filter/clients/payments/1%0A
[2025-04-09 08:44:41] ERROR: GET /api/filter/clients/payments/1%0A - ContractItem is not defined
[2025-04-09 08:52:44] INFO: POST /api/contract_items/add
[2025-04-09 08:53:58] INFO: POST /api/contract_items/add
[2025-04-09 08:54:12] INFO: POST /api/contract_items/add
[2025-04-09 08:54:18] INFO: POST /api/contract_items/add
[2025-04-09 08:55:27] INFO: POST /api/contract_items/add
[2025-04-09 08:57:10] INFO: POST /api/contract_items/add
[2025-04-09 08:57:43] INFO: GET /api/filter/clients/payments/1%0A
[2025-04-09 08:57:43] ERROR: GET /api/filter/clients/payments/1%0A - ContractItem is not defined
[2025-04-09 08:58:28] INFO: GET /api/filter/clients/payments/1%0A
[2025-04-09 08:58:28] ERROR: GET /api/filter/clients/payments/1%0A - Product is not defined
[2025-04-09 08:59:03] INFO: GET /api/filter/clients/payments/1%0A
[2025-04-09 09:16:50] INFO: GET /api/filter/clients/payments/1%0A
[2025-04-09 09:16:50] ERROR: GET /api/filter/clients/payments/1%0A - contract_items is not associated to contracts!
[2025-04-09 09:20:07] INFO: GET /api/filter/clients/payments/1%0A
[2025-04-09 09:23:33] INFO: GET /api/filter/clients/payments/1%0A
[2025-04-09 09:25:12] INFO: POST /api/products
[2025-04-09 09:25:21] INFO: POST /api/owner/login
[2025-04-09 09:25:35] INFO: POST /api/products
[2025-04-09 09:25:58] INFO: GET /api/filter/clients/payments/1%0A
[2025-04-09 09:26:07] INFO: GET /api/filter/clients/payments/2%0A
[2025-04-09 09:26:15] INFO: GET /api/filter/clients/payments/1
[2025-04-09 09:32:51] INFO: POST /api/contracts
[2025-04-09 09:33:16] INFO: POST /api/contracts
[2025-04-09 09:33:28] INFO: POST /api/contracts
[2025-04-09 09:33:52] INFO: POST /api/contracts
[2025-04-09 09:34:41] ERROR: POST /api/contracts - Expected ',' or '}' after property value in JSON at position 157 (line 7 column 5)
[2025-04-09 09:34:47] INFO: POST /api/contracts
[2025-04-09 09:36:19] INFO: POST /api/contract_items/add
[2025-04-09 09:36:50] INFO: POST /api/contract_items/add
[2025-04-09 09:37:12] INFO: POST /api/contract_items/add
[2025-04-09 09:37:19] INFO: POST /api/clients/login
[2025-04-09 09:37:33] INFO: POST /api/contract_items/add
[2025-04-09 09:37:54] INFO: GET /api/filter/clients/payments/1
[2025-04-09 09:38:23] INFO: GET /api/filter/owners/top?category_id=1%0A
[2025-04-09 09:38:23] ERROR: GET /api/filter/owners/top?category_id=1%0A - Product is not defined
[2025-04-09 09:41:23] INFO: GET /api/filter/owners/top?category_id=1%0A
[2025-04-09 09:42:13] INFO: GET /api/filter/owners/top?category_id=1%0A
[2025-04-09 09:43:15] INFO: GET /api/filter/owners/top?category_id=1%0A
[2025-04-09 09:44:43] INFO: GET /api/filter/owners/top?category_id=1%0A
[2025-04-09 09:46:19] INFO: GET /api/filter/owners/top?category_id=1%0A
[2025-04-09 09:47:11] INFO: GET /api/filter/owners/top?category_id=1%0A
[2025-04-09 09:48:16] INFO: GET /api/filter/clients/cancelled?start=2025-01-01&end=2025-05-15%0A
[2025-04-09 09:48:16] ERROR: GET /api/filter/clients/cancelled?start=2025-01-01&end=2025-05-15%0A - Contract is not defined
[2025-04-09 09:48:49] INFO: GET /api/filter/clients/cancelled?start=2025-01-01&end=2025-05-15%0A
[2025-04-09 09:49:13] INFO: GET /api/filter/clients/damaged?start=2025-01-01&end=2025-05-15%0A
[2025-04-09 09:49:30] INFO: GET /api/filter/clients/damaged?start=2025-01-01&end=2025-05-15%0A
[2025-04-09 10:11:23] INFO: GET /
[2025-04-09 10:12:29] INFO: GET /
[2025-04-09 10:12:31] INFO: GET /
[2025-04-09 10:13:23] INFO: GET /
[2025-04-09 10:13:24] INFO: GET /
[2025-04-09 10:13:24] INFO: GET /
[2025-04-09 10:13:24] INFO: GET /
[2025-04-09 10:13:24] INFO: GET /
[2025-04-09 10:13:24] INFO: GET /
[2025-04-09 10:13:25] INFO: GET /
[2025-04-09 10:13:25] INFO: GET /
[2025-04-09 10:13:25] INFO: GET /
[2025-04-09 10:13:26] INFO: GET /
[2025-04-09 10:13:26] INFO: GET /
[2025-04-09 10:13:26] INFO: GET /
[2025-04-09 10:13:26] INFO: GET /
[2025-04-09 10:13:27] INFO: GET /
[2025-04-09 10:14:05] INFO: GET /
[2025-04-09 10:14:06] INFO: GET /
[2025-04-09 10:14:06] INFO: GET /
[2025-04-09 10:14:06] INFO: GET /
[2025-04-09 10:14:07] INFO: GET /
[2025-04-09 10:14:07] INFO: GET /
[2025-04-09 10:15:37] INFO: GET /
[2025-04-09 10:15:39] INFO: GET /
[2025-04-09 10:16:26] INFO: GET /api
[2025-04-09 10:16:30] INFO: GET /api
[2025-04-09 10:17:48] INFO: GET /api/admins
[2025-04-09 10:17:48] INFO: GET /favicon.ico
[2025-04-09 10:18:35] INFO: GET /api
[2025-04-09 10:18:47] INFO: GET /api
